<?xml version="1.0" encoding="UTF-8"?>
<!-- Generated by org.testng.reporters.JUnitReportReporter -->
<testsuite skipped="0" hostname="RSI1535" name="br.com.rsinet.hub.tdd.Testes.positivos.Pesquisa_TelaInicial" tests="1" failures="0" timestamp="26 Jan 2020 18:07:20 GMT" time="30.304" errors="0">
  <testcase name="cadastro1" time="30.304" classname="br.com.rsinet.hub.tdd.Testes.positivos.Pesquisa_TelaInicial"/>
</testsuite> <!-- br.com.rsinet.hub.tdd.Testes.positivos.Pesquisa_TelaInicial -->
