<?xml version="1.0" encoding="UTF-8"?>
<!-- Generated by org.testng.reporters.JUnitReportReporter -->
<testsuite skipped="0" hostname="RSI1535" name="br.com.rsinet.Hub_TDD.PageObjects.Tests.PageTestDe_Buscar" tests="1" failures="0" timestamp="15 jan 2020 18:54:16 GMT" time="18.725" errors="0">
  <testcase name="TestBuscar_Positivo" time="18.725" classname="br.com.rsinet.Hub_TDD.PageObjects.Tests.PageTestDe_Buscar"/>
</testsuite> <!-- br.com.rsinet.Hub_TDD.PageObjects.Tests.PageTestDe_Buscar -->
