<?xml version="1.0" encoding="UTF-8"?>
<!-- Generated by org.testng.reporters.JUnitReportReporter -->
<testsuite skipped="0" hostname="RSI1535" name="br.com.rsinet.hub.tdd.Testes.positivos.PesquisaTelaInicialPositivo" tests="1" failures="0" timestamp="27 Jan 2020 15:34:13 GMT" time="13.717" errors="0">
  <testcase name="BuscardeProduto" time="13.717" classname="br.com.rsinet.hub.tdd.Testes.positivos.PesquisaTelaInicialPositivo"/>
</testsuite> <!-- br.com.rsinet.hub.tdd.Testes.positivos.PesquisaTelaInicialPositivo -->
