<?xml version="1.0" encoding="UTF-8"?>
<!-- Generated by org.testng.reporters.JUnitReportReporter -->
<testsuite skipped="0" hostname="RSI1535" name="br.com.rsinet.hub.tdd.Testes.negativos.CadastroNegativo" tests="1" failures="0" timestamp="28 Jan 2020 18:20:38 GMT" time="20.215" errors="0">
  <testcase name="cadastroNegativo" time="20.215" classname="br.com.rsinet.hub.tdd.Testes.negativos.CadastroNegativo"/>
</testsuite> <!-- br.com.rsinet.hub.tdd.Testes.negativos.CadastroNegativo -->
