<?xml version="1.0" encoding="UTF-8"?>
<!-- Generated by org.testng.reporters.JUnitReportReporter -->
<testsuite skipped="0" hostname="RSI1535" name="br.com.rsinet.hub.tdd.Testes.negativos.PesquisaPorMassadeDadosNegativo" tests="1" failures="0" timestamp="26 Jan 2020 18:43:57 GMT" time="19.548" errors="0">
  <testcase name="testesbusca_Negativo" time="19.548" classname="br.com.rsinet.hub.tdd.Testes.negativos.PesquisaPorMassadeDadosNegativo"/>
</testsuite> <!-- br.com.rsinet.hub.tdd.Testes.negativos.PesquisaPorMassadeDadosNegativo -->
