<?xml version="1.0" encoding="UTF-8"?>
<!-- Generated by org.testng.reporters.JUnitReportReporter -->
<testsuite skipped="0" hostname="RSI1535" name="br.com.rsinet.hub.tdd.Testes.positivos.CadrastroPositivo" tests="1" failures="0" timestamp="29 Jan 2020 21:35:24 GMT" time="22.622" errors="0">
  <testcase name="cadastro1" time="22.622" classname="br.com.rsinet.hub.tdd.Testes.positivos.CadrastroPositivo"/>
</testsuite> <!-- br.com.rsinet.hub.tdd.Testes.positivos.CadrastroPositivo -->
