<?xml version="1.0" encoding="UTF-8"?>
<!-- Generated by org.testng.reporters.JUnitReportReporter -->
<testsuite skipped="0" hostname="RSI1535" name="br.com.rsinet.hud.tdd.testes.TesteCadastro" tests="2" failures="0" timestamp="18 Feb 2020 20:01:38 GMT" time="55.400" errors="0">
  <testcase name="cadastro2Negativo" time="27.294" classname="br.com.rsinet.hud.tdd.testes.TesteCadastro"/>
  <testcase name="cadastro1Positivo" time="28.106" classname="br.com.rsinet.hud.tdd.testes.TesteCadastro"/>
</testsuite> <!-- br.com.rsinet.hud.tdd.testes.TesteCadastro -->
