<?xml version="1.0" encoding="UTF-8"?>
<!-- Generated by org.testng.reporters.JUnitReportReporter -->
<testsuite skipped="0" hostname="RSI1535" name="br.com.rsinet.hud.tdd.testes.TestePesquisaPorLupa" tests="2" failures="0" timestamp="18 Feb 2020 19:53:36 GMT" time="25.217" errors="0">
  <testcase name="buscaporlupa1_Positivo" time="13.312" classname="br.com.rsinet.hud.tdd.testes.TestePesquisaPorLupa"/>
  <testcase name="buscaporlupa2_Negativo" time="11.905" classname="br.com.rsinet.hud.tdd.testes.TestePesquisaPorLupa"/>
</testsuite> <!-- br.com.rsinet.hud.tdd.testes.TestePesquisaPorLupa -->
