<?xml version="1.0" encoding="UTF-8"?>
<!-- Generated by org.testng.reporters.JUnitReportReporter -->
<testsuite skipped="0" hostname="RSI1535" name="br.com.rsinet.hub.tdd.Testes.positivos.PesquisaTelaInicialPositivo" tests="2" failures="0" timestamp="18 Feb 2020 19:20:17 GMT" time="33.726" errors="0">
  <testcase name="telaprincipal1" time="14.298" classname="br.com.rsinet.hub.tdd.Testes.positivos.PesquisaTelaInicialPositivo"/>
  <testcase name="telapincipal2" time="19.428" classname="br.com.rsinet.hub.tdd.Testes.positivos.PesquisaTelaInicialPositivo"/>
</testsuite> <!-- br.com.rsinet.hub.tdd.Testes.positivos.PesquisaTelaInicialPositivo -->
