<?xml version="1.0" encoding="UTF-8"?>
<!-- Generated by org.testng.reporters.JUnitReportReporter -->
<testsuite skipped="0" hostname="RSI1535" name="br.com.rsinet.hub.tdd.Testes.negativos.CadastroNegativo" tests="1" failures="0" timestamp="26 Jan 2020 16:24:46 GMT" time="64.536" errors="0">
  <testcase name="cadastroNegativo" time="64.536" classname="br.com.rsinet.hub.tdd.Testes.negativos.CadastroNegativo"/>
</testsuite> <!-- br.com.rsinet.hub.tdd.Testes.negativos.CadastroNegativo -->
