<?xml version="1.0" encoding="UTF-8"?>
<!-- Generated by org.testng.reporters.JUnitReportReporter -->
<testsuite skipped="0" hostname="RSI1535" name="br.com.rsinet.hud.tdd.testes.TesteTelaPrincipal" tests="2" failures="0" timestamp="18 Feb 2020 19:53:36 GMT" time="33.272" errors="0">
  <testcase name="telapincipal2" time="19.270" classname="br.com.rsinet.hud.tdd.testes.TesteTelaPrincipal"/>
  <testcase name="telaprincipal1" time="14.002" classname="br.com.rsinet.hud.tdd.testes.TesteTelaPrincipal"/>
</testsuite> <!-- br.com.rsinet.hud.tdd.testes.TesteTelaPrincipal -->
