<?xml version="1.0" encoding="UTF-8"?>
<!-- Generated by org.testng.reporters.JUnitReportReporter -->
<testsuite skipped="0" hostname="RSI1535" name="br.com.rsinet.Hub_TDD.PageObjects.Tests.Page_Testes_Pesquisa" tests="2" failures="0" timestamp="15 jan 2020 18:57:10 GMT" time="34.528" errors="0">
  <testcase name="testesbusca_Negativo" time="14.099" classname="br.com.rsinet.Hub_TDD.PageObjects.Tests.Page_Testes_Pesquisa"/>
  <testcase name="testesbusca_Positivo" time="20.429" classname="br.com.rsinet.Hub_TDD.PageObjects.Tests.Page_Testes_Pesquisa"/>
</testsuite> <!-- br.com.rsinet.Hub_TDD.PageObjects.Tests.Page_Testes_Pesquisa -->
