<?xml version="1.0" encoding="UTF-8"?>
<!-- Generated by org.testng.reporters.JUnitReportReporter -->
<testsuite skipped="0" hostname="RSI1535" name="br.com.rsinet.hub.tdd.Testes.negativos.CadastroNegativo" tests="1" failures="0" timestamp="27 Jan 2020 15:31:09 GMT" time="19.724" errors="0">
  <testcase name="cadastroNegativo" time="19.724" classname="br.com.rsinet.hub.tdd.Testes.negativos.CadastroNegativo"/>
</testsuite> <!-- br.com.rsinet.hub.tdd.Testes.negativos.CadastroNegativo -->
