<?xml version="1.0" encoding="UTF-8"?>
<!-- Generated by org.testng.reporters.JUnitReportReporter -->
<testsuite skipped="0" hostname="RSI1535" name="br.com.rsinet.hub.tdd.Testes.positivos.PesquisaTelaInicialPositivo" tests="1" failures="0" timestamp="28 Jan 2020 18:22:30 GMT" time="14.791" errors="0">
  <testcase name="BuscardeProduto" time="14.791" classname="br.com.rsinet.hub.tdd.Testes.positivos.PesquisaTelaInicialPositivo"/>
</testsuite> <!-- br.com.rsinet.hub.tdd.Testes.positivos.PesquisaTelaInicialPositivo -->
