<?xml version="1.0" encoding="UTF-8"?>
<!-- Generated by org.testng.reporters.JUnitReportReporter -->
<testsuite skipped="0" hostname="RSI1535" name="br.com.rsinet.hub.tdd.Testes.negativos.PesquisaTelaInicialNegativo" tests="1" failures="0" timestamp="27 Jan 2020 15:34:36 GMT" time="13.701" errors="0">
  <testcase name="cadastro1" time="13.701" classname="br.com.rsinet.hub.tdd.Testes.negativos.PesquisaTelaInicialNegativo"/>
</testsuite> <!-- br.com.rsinet.hub.tdd.Testes.negativos.PesquisaTelaInicialNegativo -->
