<?xml version="1.0" encoding="UTF-8"?>
<!-- Generated by org.testng.reporters.JUnitReportReporter -->
<testsuite skipped="0" hostname="RSI1535" name="br.com.rsinet.hub.tdd.Testes.negativos.PesquisaPorMassadeDadosNegativo" tests="1" failures="0" timestamp="28 Jan 2020 18:21:06 GMT" time="14.296" errors="0">
  <testcase name="testesbusca_Negativo" time="14.296" classname="br.com.rsinet.hub.tdd.Testes.negativos.PesquisaPorMassadeDadosNegativo"/>
</testsuite> <!-- br.com.rsinet.hub.tdd.Testes.negativos.PesquisaPorMassadeDadosNegativo -->
