<?xml version="1.0" encoding="UTF-8"?>
<!-- Generated by org.testng.reporters.JUnitReportReporter -->
<testsuite skipped="0" hostname="RSI1535" name="br.com.rsinet.hub.tdd.Testes.negativos.PesquisaTelaInicialNegativo" tests="1" failures="0" timestamp="28 Jan 2020 18:21:35 GMT" time="13.846" errors="0">
  <testcase name="cadastro1" time="13.846" classname="br.com.rsinet.hub.tdd.Testes.negativos.PesquisaTelaInicialNegativo"/>
</testsuite> <!-- br.com.rsinet.hub.tdd.Testes.negativos.PesquisaTelaInicialNegativo -->
