<?xml version="1.0" encoding="UTF-8"?>
<!-- Generated by org.testng.reporters.JUnitReportReporter -->
<testsuite skipped="0" hostname="RSI1535"
	name="br.com.rsinet.Hub_TDD.PageObjects.Tests.Page_Testes_Pesquisa"
	tests="2" failures="0" timestamp="17 Jan 2020 13:49:58 GMT"
	time="34.540" errors="0">
	<testcase name="testesbusca_Negativo" time="15.679"
		classname="br.com.rsinet.Hub_TDD.PageObjects.Tests.Page_Testes_Pesquisa" />
	<testcase name="testesbusca_Positivo" time="18.861"
		classname="br.com.rsinet.Hub_TDD.PageObjects.Tests.Page_Testes_Pesquisa" />
</testsuite> <!-- br.com.rsinet.Hub_TDD.PageObjects.Tests.Page_Testes_Pesquisa -->
