<?xml version="1.0" encoding="UTF-8"?>
<!-- Generated by org.testng.reporters.JUnitReportReporter -->
<testsuite skipped="0" hostname="RSI1535" name="br.com.rsinet.Hub_TDD.Testes.Cadrastro_De_Usuario" tests="2" failures="0" timestamp="20 Jan 2020 13:17:16 GMT" time="34.581" errors="0">
  <testcase name="cadastrojaExistente" time="18.241" classname="br.com.rsinet.Hub_TDD.Testes.Cadrastro_De_Usuario"/>
  <testcase name="cadastro_realizado_com_sucesso" time="16.340" classname="br.com.rsinet.Hub_TDD.Testes.Cadrastro_De_Usuario"/>
</testsuite> <!-- br.com.rsinet.Hub_TDD.Testes.Cadrastro_De_Usuario -->
