<?xml version="1.0" encoding="UTF-8"?>
<!-- Generated by org.testng.reporters.JUnitReportReporter -->
<testsuite skipped="0" hostname="RSI1535" name="br.com.rsinet.hub.tdd.Testes.positivos.PesquisaMassadeDadosPositivo" tests="2" failures="0" timestamp="18 Feb 2020 19:40:22 GMT" time="29.473" errors="0">
  <testcase name="buscaporlupa2_Negativo" time="13.159" classname="br.com.rsinet.hub.tdd.Testes.positivos.PesquisaMassadeDadosPositivo"/>
  <testcase name="buscaporlupa1_Positivo" time="16.314" classname="br.com.rsinet.hub.tdd.Testes.positivos.PesquisaMassadeDadosPositivo"/>
</testsuite> <!-- br.com.rsinet.hub.tdd.Testes.positivos.PesquisaMassadeDadosPositivo -->
