<?xml version="1.0" encoding="UTF-8"?>
<!-- Generated by org.testng.reporters.JUnitReportReporter -->
<testsuite skipped="0" hostname="RSI1535" name="br.com.rsinet.hub.tdd.Testes.positivos.PesquisaMassadeDadosPositivo" tests="1" failures="0" timestamp="28 Jan 2020 18:22:05 GMT" time="16.771" errors="0">
  <testcase name="BuscardeProduto" time="16.771" classname="br.com.rsinet.hub.tdd.Testes.positivos.PesquisaMassadeDadosPositivo"/>
</testsuite> <!-- br.com.rsinet.hub.tdd.Testes.positivos.PesquisaMassadeDadosPositivo -->
